{"service":"SE_MINING","title":"=====custom_json======","level":"info","message":"info","timestamp":"2019-06-25 01:36:19"}
{"service":"SE_MINING","title":"=====custom_json======","level":"info","message":"info","timestamp":"2019-06-25 01:37:27"}
{"service":"SE_MINING","content":[],"level":"info","message":"info","timestamp":"2019-06-25 01:37:29"}
{"service":"SE_MINING","content":["jamie007"],"level":"info","message":"info","timestamp":"2019-06-25 01:37:30"}
{"service":"SE_MINING","content":"nextcolony","level":"info","message":"info","timestamp":"2019-06-25 01:37:30"}
{"service":"SE_MINING","content":"{\"username\":\"jamie007\",\"type\":\"enhance\",\"command\":{\"tr_var1\":\"jamie007\",\"tr_var2\":\"P-ZCS76SNS8LS\",\"tr_var3\":\"base\"}}","level":"info","message":"info","timestamp":"2019-06-25 01:37:31"}
{"service":"SE_MINING","title":"=====custom_json======","level":"info","message":"info","timestamp":"2019-06-25 01:37:31"}
{"service":"SE_MINING","content":[],"level":"info","message":"info","timestamp":"2019-06-25 01:37:31"}
{"service":"SE_MINING","content":["pepeguamo"],"level":"info","message":"info","timestamp":"2019-06-25 01:37:36"}
{"service":"SE_MINING","content":"nextcolony","level":"info","message":"info","timestamp":"2019-06-25 01:37:37"}
{"service":"SE_MINING","content":"{\"username\":\"pepeguamo\",\"type\":\"upgrade\",\"command\":{\"tr_var1\":\"P-ZR33DDDRUCW\",\"tr_var2\":\"oremine\"}}","level":"info","message":"info","timestamp":"2019-06-25 01:37:38"}
{"service":"SE_MINING","title":"=====custom_json======","level":"info","message":"info","timestamp":"2019-06-25 01:37:38"}
{"service":"SE_MINING","content":[],"level":"info","message":"info","timestamp":"2019-06-25 01:37:39"}
{"service":"SE_MINING","content":["clausewitz"],"level":"info","message":"info","timestamp":"2019-06-25 01:37:39"}
{"service":"SE_MINING","content":"sm_submit_team","level":"info","message":"info","timestamp":"2019-06-25 01:37:40"}
{"service":"SE_MINING","content":"{\"trx_id\":\"366eefb88ececb024eb5f93301caf10958cf901f\",\"team_hash\":\"2eb2f0076b89eb32d13445168911337c\",\"summoner\":\"C-P5093RDC74\",\"monsters\":[\"C3-82-09QP070JKW\",\"G1-17-HJN1FFXD0W\",\"C3-98-28SEUCQV68\"],\"secret\":\"fMDS2rcvdZ\",\"app\":\"steemmonsters/0.6.2\"}","level":"info","message":"info","timestamp":"2019-06-25 01:37:40"}
{"service":"SE_MINING","title":"=====custom_json======","level":"info","message":"info","timestamp":"2019-06-25 01:37:40"}
{"service":"SE_MINING","content":[],"level":"info","message":"info","timestamp":"2019-06-25 01:37:41"}
{"service":"SE_MINING","content":["moonwind"],"level":"info","message":"info","timestamp":"2019-06-25 01:37:41"}
{"service":"SE_MINING","content":"sm_submit_team","level":"info","message":"info","timestamp":"2019-06-25 01:37:41"}
{"service":"SE_MINING","content":"{\"trx_id\":\"5b65356676945275b467f5b2b9e1a37c03dbd92f\",\"team_hash\":\"6574fe6bc8c18be56937a69117677ee6\",\"app\":\"steemmonsters/0.6.2\"}","level":"info","message":"info","timestamp":"2019-06-25 01:37:54"}
{"service":"SE_MINING","title":"=====custom_json======","level":"info","message":"info","timestamp":"2019-06-25 01:37:54"}
{"service":"SE_MINING","content":[],"level":"info","message":"info","timestamp":"2019-06-25 01:37:54"}
{"service":"SE_MINING","content":["alex-v"],"level":"info","message":"info","timestamp":"2019-06-25 01:37:55"}
{"service":"SE_MINING","content":"nextcolony","level":"info","message":"info","timestamp":"2019-06-25 01:37:55"}
{"service":"SE_MINING","content":"{\"username\": \"alex-v\", \"type\":\"explorespace\",\"command\":{\"tr_var1\":\"P-ZVP0J09Y3KW\",\"tr_var2\":60,\"tr_var3\":268}}","level":"info","message":"info","timestamp":"2019-06-25 01:37:56"}
{"service":"SE_MINING","title":"=====custom_json======","level":"info","message":"info","timestamp":"2019-06-25 01:37:56"}
{"service":"SE_MINING","content":["team-cn"],"level":"info","message":"info","timestamp":"2019-06-25 01:37:56"}
{"service":"SE_MINING","content":[],"level":"info","message":"info","timestamp":"2019-06-25 01:37:57"}
{"service":"SE_MINING","content":"ssc-mainnet1","level":"info","message":"info","timestamp":"2019-06-25 01:37:59"}
{"service":"SE_MINING","content":"{\"contractName\":\"tokens\",\"contractAction\":\"transfer\",\"contractPayload\":{\"symbol\":\"NBC\",\"to\":\"robertyan\",\"quantity\":\"0.003\",\"memo\":\"Thank you @robertyan for supporting @team-cn! Your 5.027 SP gives you daily interests of 0.003 NBC(06-25-2019)\"}}","level":"info","message":"info","timestamp":"2019-06-25 01:37:59"}
{"service":"SE_MINING","title":"=====custom_json======","level":"info","message":"info","timestamp":"2019-06-25 01:37:59"}
{"service":"SE_MINING","content":[],"level":"info","message":"info","timestamp":"2019-06-25 01:37:59"}
{"service":"SE_MINING","content":["simplemoney"],"level":"info","message":"info","timestamp":"2019-06-25 01:38:00"}
{"service":"SE_MINING","content":"sm_submit_team","level":"info","message":"info","timestamp":"2019-06-25 01:38:08"}
{"service":"SE_MINING","content":"{\"trx_id\":\"a0ef65700c80743f6057ccd5f8ce0275a0d14bbf\",\"team_hash\":\"b68cfc0953686c15acabf3f284ecf5a4\",\"summoner\":\"C-PNX6E3BBCG\",\"monsters\":[\"C1-13-XNYF58QYB4\",\"C1-14-FQ87PSDVOG\",\"C1-12-XC47SV35WW\",\"C1-18-317HPJJSBK\"],\"secret\":\"VZ130Uzklx\",\"app\":\"steemmonsters/0.6.2\"}","level":"info","message":"info","timestamp":"2019-06-25 01:38:08"}
{"service":"SE_MINING","title":"=====custom_json======","level":"info","message":"info","timestamp":"2019-06-25 01:38:08"}
{"service":"SE_MINING","content":[],"level":"info","message":"info","timestamp":"2019-06-25 01:38:08"}
{"service":"SE_MINING","content":["fernanvalentina"],"level":"info","message":"info","timestamp":"2019-06-25 01:38:08"}
{"service":"SE_MINING","content":"sm_find_match","level":"info","message":"info","timestamp":"2019-06-25 01:38:09"}
{"service":"SE_MINING","content":"{\"match_type\":\"Ranked\",\"app\":\"steemmonsters/0.6.2\"}","level":"info","message":"info","timestamp":"2019-06-25 01:38:09"}
{"service":"SE_MINING","title":"=====custom_json======","level":"info","message":"info","timestamp":"2019-06-25 01:38:09"}
{"service":"SE_MINING","content":[],"level":"info","message":"info","timestamp":"2019-06-25 01:38:09"}
{"service":"SE_MINING","content":["j6969"],"level":"info","message":"info","timestamp":"2019-06-25 01:38:09"}
{"service":"SE_MINING","content":"sm_open_pack","level":"info","message":"info","timestamp":"2019-06-25 01:38:10"}
{"service":"SE_MINING","content":"{\"edition\":1,\"app\":\"steemmonsters/0.6.2\"}","level":"info","message":"info","timestamp":"2019-06-25 01:38:10"}
{"service":"SE_MINING","title":"=====custom_json======","level":"info","message":"info","timestamp":"2019-06-25 01:38:10"}
{"service":"SE_MINING","content":[],"level":"info","message":"info","timestamp":"2019-06-25 01:38:10"}
{"service":"SE_MINING","content":["feralwarrior"],"level":"info","message":"info","timestamp":"2019-06-25 01:38:10"}
{"service":"SE_MINING","content":"sm_find_match","level":"info","message":"info","timestamp":"2019-06-25 01:38:11"}
{"service":"SE_MINING","content":"{\"match_type\":\"Ranked\"}","level":"info","message":"info","timestamp":"2019-06-25 01:38:11"}
{"service":"SE_MINING","title":"=====custom_json======","level":"info","message":"info","timestamp":"2019-06-25 01:38:12"}
